[debug] [2022-12-26T20:37:43.956Z] ----------------------------------------------------------------------
[debug] [2022-12-26T20:37:43.958Z] Command:       /home/santi/.nvm/versions/node/v16.16.0/bin/node /home/santi/.nvm/versions/node/v16.16.0/bin/firebase deploy --only functions
[debug] [2022-12-26T20:37:43.958Z] CLI Version:   11.16.1
[debug] [2022-12-26T20:37:43.959Z] Platform:      linux
[debug] [2022-12-26T20:37:43.959Z] Node Version:  v16.16.0
[debug] [2022-12-26T20:37:43.959Z] Time:          Mon Dec 26 2022 20:37:43 GMT+0000 (Greenwich Mean Time)
[debug] [2022-12-26T20:37:43.959Z] ----------------------------------------------------------------------
[debug] 
[debug] [2022-12-26T20:37:44.037Z] > command requires scopes: ["email","openid","https://www.googleapis.com/auth/cloudplatformprojects.readonly","https://www.googleapis.com/auth/firebase","https://www.googleapis.com/auth/cloud-platform"]
[debug] [2022-12-26T20:37:44.037Z] > authorizing via signed-in user (santi.cacciola.s@gmail.com)
[debug] [2022-12-26T20:37:44.037Z] [iam] checking project tcg-stock-app for permissions ["cloudfunctions.functions.create","cloudfunctions.functions.delete","cloudfunctions.functions.get","cloudfunctions.functions.list","cloudfunctions.functions.update","cloudfunctions.operations.get","firebase.projects.get"]
[debug] [2022-12-26T20:37:44.040Z] >>> [apiv2][query] POST https://cloudresourcemanager.googleapis.com/v1/projects/tcg-stock-app:testIamPermissions [none]
[debug] [2022-12-26T20:37:44.040Z] >>> [apiv2][(partial)header] POST https://cloudresourcemanager.googleapis.com/v1/projects/tcg-stock-app:testIamPermissions x-goog-quota-user=projects/tcg-stock-app
[debug] [2022-12-26T20:37:44.040Z] >>> [apiv2][body] POST https://cloudresourcemanager.googleapis.com/v1/projects/tcg-stock-app:testIamPermissions {"permissions":["cloudfunctions.functions.create","cloudfunctions.functions.delete","cloudfunctions.functions.get","cloudfunctions.functions.list","cloudfunctions.functions.update","cloudfunctions.operations.get","firebase.projects.get"]}
[debug] [2022-12-26T20:37:44.950Z] <<< [apiv2][status] POST https://cloudresourcemanager.googleapis.com/v1/projects/tcg-stock-app:testIamPermissions 200
[debug] [2022-12-26T20:37:44.950Z] <<< [apiv2][body] POST https://cloudresourcemanager.googleapis.com/v1/projects/tcg-stock-app:testIamPermissions {"permissions":["cloudfunctions.functions.create","cloudfunctions.functions.delete","cloudfunctions.functions.get","cloudfunctions.functions.list","cloudfunctions.functions.update","cloudfunctions.operations.get","firebase.projects.get"]}
[debug] [2022-12-26T20:37:44.951Z] >>> [apiv2][query] POST https://iam.googleapis.com/v1/projects/tcg-stock-app/serviceAccounts/tcg-stock-app@appspot.gserviceaccount.com:testIamPermissions [none]
[debug] [2022-12-26T20:37:44.951Z] >>> [apiv2][body] POST https://iam.googleapis.com/v1/projects/tcg-stock-app/serviceAccounts/tcg-stock-app@appspot.gserviceaccount.com:testIamPermissions {"permissions":["iam.serviceAccounts.actAs"]}
[debug] [2022-12-26T20:37:47.915Z] <<< [apiv2][status] POST https://iam.googleapis.com/v1/projects/tcg-stock-app/serviceAccounts/tcg-stock-app@appspot.gserviceaccount.com:testIamPermissions 200
[debug] [2022-12-26T20:37:47.915Z] <<< [apiv2][body] POST https://iam.googleapis.com/v1/projects/tcg-stock-app/serviceAccounts/tcg-stock-app@appspot.gserviceaccount.com:testIamPermissions {"permissions":["iam.serviceAccounts.actAs"]}
[info] 
[info] === Deploying to 'tcg-stock-app'...
[info] 
[info] i  deploying functions 
[debug] [2022-12-26T20:37:47.919Z] >>> [apiv2][query] GET https://firebase.googleapis.com/v1beta1/projects/tcg-stock-app [none]
[debug] [2022-12-26T20:37:48.324Z] <<< [apiv2][status] GET https://firebase.googleapis.com/v1beta1/projects/tcg-stock-app 200
[debug] [2022-12-26T20:37:48.325Z] <<< [apiv2][body] GET https://firebase.googleapis.com/v1beta1/projects/tcg-stock-app {"projectId":"tcg-stock-app","projectNumber":"202041862043","displayName":"TCG Stock App","name":"projects/tcg-stock-app","resources":{"hostingSite":"tcg-stock-app"},"state":"ACTIVE","etag":"1_12ff3e73-4431-4399-a9fe-6ef9a50b8236"}
[info] i  functions: ensuring required API cloudfunctions.googleapis.com is enabled... 
[info] i  functions: ensuring required API cloudbuild.googleapis.com is enabled... 
[info] i  artifactregistry: ensuring required API artifactregistry.googleapis.com is enabled... 
[debug] [2022-12-26T20:37:48.326Z] >>> [apiv2][query] GET https://serviceusage.googleapis.com/v1/projects/tcg-stock-app/services/cloudfunctions.googleapis.com [none]
[debug] [2022-12-26T20:37:48.327Z] >>> [apiv2][(partial)header] GET https://serviceusage.googleapis.com/v1/projects/tcg-stock-app/services/cloudfunctions.googleapis.com x-goog-quota-user=projects/tcg-stock-app
[debug] [2022-12-26T20:37:48.328Z] >>> [apiv2][query] GET https://serviceusage.googleapis.com/v1/projects/tcg-stock-app/services/runtimeconfig.googleapis.com [none]
[debug] [2022-12-26T20:37:48.328Z] >>> [apiv2][(partial)header] GET https://serviceusage.googleapis.com/v1/projects/tcg-stock-app/services/runtimeconfig.googleapis.com x-goog-quota-user=projects/tcg-stock-app
[debug] [2022-12-26T20:37:48.329Z] >>> [apiv2][query] GET https://serviceusage.googleapis.com/v1/projects/tcg-stock-app/services/cloudbuild.googleapis.com [none]
[debug] [2022-12-26T20:37:48.329Z] >>> [apiv2][(partial)header] GET https://serviceusage.googleapis.com/v1/projects/tcg-stock-app/services/cloudbuild.googleapis.com x-goog-quota-user=projects/tcg-stock-app
[debug] [2022-12-26T20:37:48.330Z] >>> [apiv2][query] GET https://serviceusage.googleapis.com/v1/projects/tcg-stock-app/services/artifactregistry.googleapis.com [none]
[debug] [2022-12-26T20:37:48.330Z] >>> [apiv2][(partial)header] GET https://serviceusage.googleapis.com/v1/projects/tcg-stock-app/services/artifactregistry.googleapis.com x-goog-quota-user=projects/tcg-stock-app
[debug] [2022-12-26T20:37:49.454Z] <<< [apiv2][status] GET https://serviceusage.googleapis.com/v1/projects/tcg-stock-app/services/artifactregistry.googleapis.com 200
[debug] [2022-12-26T20:37:49.454Z] <<< [apiv2][body] GET https://serviceusage.googleapis.com/v1/projects/tcg-stock-app/services/artifactregistry.googleapis.com [omitted]
[info] ✔  artifactregistry: required API artifactregistry.googleapis.com is enabled 
[debug] [2022-12-26T20:37:49.455Z] <<< [apiv2][status] GET https://serviceusage.googleapis.com/v1/projects/tcg-stock-app/services/runtimeconfig.googleapis.com 200
[debug] [2022-12-26T20:37:49.455Z] <<< [apiv2][body] GET https://serviceusage.googleapis.com/v1/projects/tcg-stock-app/services/runtimeconfig.googleapis.com [omitted]
[debug] [2022-12-26T20:37:49.456Z] <<< [apiv2][status] GET https://serviceusage.googleapis.com/v1/projects/tcg-stock-app/services/cloudbuild.googleapis.com 200
[debug] [2022-12-26T20:37:49.457Z] <<< [apiv2][body] GET https://serviceusage.googleapis.com/v1/projects/tcg-stock-app/services/cloudbuild.googleapis.com [omitted]
[info] ✔  functions: required API cloudbuild.googleapis.com is enabled 
[debug] [2022-12-26T20:37:49.457Z] <<< [apiv2][status] GET https://serviceusage.googleapis.com/v1/projects/tcg-stock-app/services/cloudfunctions.googleapis.com 200
[debug] [2022-12-26T20:37:49.458Z] <<< [apiv2][body] GET https://serviceusage.googleapis.com/v1/projects/tcg-stock-app/services/cloudfunctions.googleapis.com [omitted]
[info] ✔  functions: required API cloudfunctions.googleapis.com is enabled 
[debug] [2022-12-26T20:37:49.458Z] >>> [apiv2][query] GET https://firebase.googleapis.com/v1beta1/projects/tcg-stock-app/adminSdkConfig [none]
[debug] [2022-12-26T20:37:49.859Z] <<< [apiv2][status] GET https://firebase.googleapis.com/v1beta1/projects/tcg-stock-app/adminSdkConfig 200
[debug] [2022-12-26T20:37:49.860Z] <<< [apiv2][body] GET https://firebase.googleapis.com/v1beta1/projects/tcg-stock-app/adminSdkConfig {"projectId":"tcg-stock-app","storageBucket":"tcg-stock-app.appspot.com"}
[debug] [2022-12-26T20:37:49.860Z] >>> [apiv2][query] GET https://runtimeconfig.googleapis.com/v1beta1/projects/tcg-stock-app/configs [none]
[debug] [2022-12-26T20:37:50.269Z] <<< [apiv2][status] GET https://runtimeconfig.googleapis.com/v1beta1/projects/tcg-stock-app/configs 200
[debug] [2022-12-26T20:37:50.269Z] <<< [apiv2][body] GET https://runtimeconfig.googleapis.com/v1beta1/projects/tcg-stock-app/configs {}
[info] i  functions: preparing codebase default for deployment 
[debug] [2022-12-26T20:37:50.270Z] Validating nodejs source
[warn] ⚠  functions: package.json indicates an outdated version of firebase-functions. Please upgrade using npm install --save firebase-functions@latest in your functions directory. 
[warn] ⚠  functions: Please note that there will be breaking changes when you upgrade. 
[debug] [2022-12-26T20:37:52.461Z] > [functions] package.json contents: {
  "name": "functions",
  "description": "Cloud Functions for Firebase",
  "scripts": {
    "lint": "eslint",
    "serve": "firebase emulators:start --only functions",
    "shell": "firebase functions:shell",
    "start": "npm run shell",
    "deploy": "firebase deploy --only functions",
    "logs": "firebase functions:log"
  },
  "engines": {
    "node": "16"
  },
  "main": "index.js",
  "dependencies": {
    "firebase-admin": "^10.0.2",
    "firebase-functions": "^3.18.0",
    "pokemontcgsdk": "^2.0.0"
  },
  "devDependencies": {
    "eslint": "^8.9.0",
    "eslint-config-google": "^0.14.0",
    "firebase-functions-test": "^0.2.0"
  },
  "private": true
}
[debug] [2022-12-26T20:37:52.461Z] Building nodejs source
[debug] [2022-12-26T20:37:52.463Z] Could not find functions.yaml. Must use http discovery
[debug] [2022-12-26T20:37:52.639Z] Serving at port 9005

[debug] [2022-12-26T20:37:52.743Z] Got response from /__/functions.yaml {"endpoints":{"scheduledFunction":{"platform":"gcfv1","timeoutSeconds":540,"availableMemoryMb":2048,"scheduleTrigger":{"schedule":"0 */8 * * *"},"labels":{},"entryPoint":"scheduledFunction"}},"specVersion":"v1alpha1","requiredAPIs":[{"api":"cloudscheduler.googleapis.com","reason":"Needed for scheduled functions."}]}
[debug] [2022-12-26T20:37:52.756Z] shutdown requested via /__/quitquitquit

[info] i  functions: preparing functions directory for uploading... 
[info] i  functions: packaged /home/santi/Desktop/work/pokemon-stock/functions (81.09 KB) for uploading 
[debug] [2022-12-26T20:37:52.824Z] >>> [apiv2][query] GET https://cloudfunctions.googleapis.com/v1/projects/tcg-stock-app/locations/-/functions [none]
[debug] [2022-12-26T20:37:53.491Z] <<< [apiv2][status] GET https://cloudfunctions.googleapis.com/v1/projects/tcg-stock-app/locations/-/functions 200
[debug] [2022-12-26T20:37:53.492Z] <<< [apiv2][body] GET https://cloudfunctions.googleapis.com/v1/projects/tcg-stock-app/locations/-/functions {"functions":[{"name":"projects/tcg-stock-app/locations/us-central1/functions/scheduledFunction","eventTrigger":{"eventType":"google.pubsub.topic.publish","resource":"projects/tcg-stock-app/topics/firebase-schedule-scheduledFunction-us-central1","service":"pubsub.googleapis.com","failurePolicy":{}},"status":"ACTIVE","entryPoint":"scheduledFunction","timeout":"540s","availableMemoryMb":2048,"serviceAccountEmail":"tcg-stock-app@appspot.gserviceaccount.com","updateTime":"2022-12-26T20:01:09.078Z","versionId":"61","labels":{"deployment-tool":"cli-firebase","deployment-scheduled":"true","firebase-functions-hash":"66ab1d283d5713bb0f9e42085995059e772fd2fb"},"sourceUploadUrl":"https://storage.googleapis.com/uploads-927618176355.us-central1.cloudfunctions.appspot.com/c8f6d2a2-4285-4db9-aeb9-6da9b68279f4.zip","environmentVariables":{"FIREBASE_CONFIG":"{\"projectId\":\"tcg-stock-app\",\"storageBucket\":\"tcg-stock-app.appspot.com\"}","GCLOUD_PROJECT":"tcg-stock-app","EVENTARC_CLOUD_EVENT_SOURCE":"projects/tcg-stock-app/locations/us-central1/functions/scheduledFunction"},"runtime":"nodejs16","maxInstances":3000,"ingressSettings":"ALLOW_ALL","buildId":"e254a9a0-c01d-4f75-bea5-4d982163d241","buildName":"projects/202041862043/locations/us-central1/builds/e254a9a0-c01d-4f75-bea5-4d982163d241","dockerRegistry":"ARTIFACT_REGISTRY"}]}
[debug] [2022-12-26T20:37:53.494Z] >>> [apiv2][query] GET https://cloudfunctions.googleapis.com/v2/projects/tcg-stock-app/locations/-/functions filter=environment%3D%22GEN_2%22
[debug] [2022-12-26T20:37:54.671Z] <<< [apiv2][status] GET https://cloudfunctions.googleapis.com/v2/projects/tcg-stock-app/locations/-/functions 200
[debug] [2022-12-26T20:37:54.671Z] <<< [apiv2][body] GET https://cloudfunctions.googleapis.com/v2/projects/tcg-stock-app/locations/-/functions {}
[info] i  functions: ensuring required API cloudscheduler.googleapis.com is enabled... 
[debug] [2022-12-26T20:37:54.674Z] >>> [apiv2][query] GET https://serviceusage.googleapis.com/v1/projects/tcg-stock-app/services/cloudscheduler.googleapis.com [none]
[debug] [2022-12-26T20:37:54.674Z] >>> [apiv2][(partial)header] GET https://serviceusage.googleapis.com/v1/projects/tcg-stock-app/services/cloudscheduler.googleapis.com x-goog-quota-user=projects/tcg-stock-app
[debug] [2022-12-26T20:37:55.695Z] <<< [apiv2][status] GET https://serviceusage.googleapis.com/v1/projects/tcg-stock-app/services/cloudscheduler.googleapis.com 200
[debug] [2022-12-26T20:37:55.695Z] <<< [apiv2][body] GET https://serviceusage.googleapis.com/v1/projects/tcg-stock-app/services/cloudscheduler.googleapis.com [omitted]
[info] ✔  functions: required API cloudscheduler.googleapis.com is enabled 
[debug] [2022-12-26T20:37:55.697Z] >>> [apiv2][query] GET https://firebase.googleapis.com/v1beta1/projects/tcg-stock-app [none]
[debug] [2022-12-26T20:37:56.110Z] <<< [apiv2][status] GET https://firebase.googleapis.com/v1beta1/projects/tcg-stock-app 200
[debug] [2022-12-26T20:37:56.110Z] <<< [apiv2][body] GET https://firebase.googleapis.com/v1beta1/projects/tcg-stock-app {"projectId":"tcg-stock-app","projectNumber":"202041862043","displayName":"TCG Stock App","name":"projects/tcg-stock-app","resources":{"hostingSite":"tcg-stock-app"},"state":"ACTIVE","etag":"1_12ff3e73-4431-4399-a9fe-6ef9a50b8236"}
[debug] [2022-12-26T20:37:56.112Z] >>> [apiv2][query] POST https://cloudfunctions.googleapis.com/v1/projects/tcg-stock-app/locations/us-central1/functions:generateUploadUrl [none]
[debug] [2022-12-26T20:37:56.112Z] >>> [apiv2][body] POST https://cloudfunctions.googleapis.com/v1/projects/tcg-stock-app/locations/us-central1/functions:generateUploadUrl {}
[debug] [2022-12-26T20:37:56.822Z] <<< [apiv2][status] POST https://cloudfunctions.googleapis.com/v1/projects/tcg-stock-app/locations/us-central1/functions:generateUploadUrl 200
[debug] [2022-12-26T20:37:56.822Z] <<< [apiv2][body] POST https://cloudfunctions.googleapis.com/v1/projects/tcg-stock-app/locations/us-central1/functions:generateUploadUrl {"uploadUrl":"https://storage.googleapis.com/uploads-927618176355.us-central1.cloudfunctions.appspot.com/adaf1185-524b-48c7-9649-f4a24398c3b0.zip?GoogleAccessId=service-202041862043@gcf-admin-robot.iam.gserviceaccount.com&Expires=1672088876&Signature=VG3s01JMZswfxhGLE46Wdm81%2BWQ%2FlhblHOFHf%2BXzQeTscTnLQAzVOdGpepzXlK%2BsdQCTknz9sghDuNU2yoq2ow2dtevKAxGUrLrwWmaDZ0QFGBexd1JFSDAF6gBqFs%2Baph2IOJ7DYZmX2v4oM4a1HYpGEUPQmLx8%2BMD4wKqzT93mLdodTJd%2F4b%2Fkl3KttX8Ha3aS6RkFW2T6MRHUt2HUkz0gdX6cy3PxKpiYXmCgKGTrj9r9OUDaEQhd26UTTTszh%2ByAGmQTdgpiTqJ9HwNi0X9qIwnfJsNFMnbKw%2FAQViPTaeXCJxkwRrwGXrR4jMuf4zXJ%2FcfR%2FSLX41S2A1aLtQ%3D%3D"}
[debug] [2022-12-26T20:37:56.823Z] >>> [apiv2][query] PUT https://storage.googleapis.com/uploads-927618176355.us-central1.cloudfunctions.appspot.com/adaf1185-524b-48c7-9649-f4a24398c3b0.zip GoogleAccessId=service-202041862043%40gcf-admin-robot.iam.gserviceaccount.com&Expires=1672088876&Signature=VG3s01JMZswfxhGLE46Wdm81%2BWQ%2FlhblHOFHf%2BXzQeTscTnLQAzVOdGpepzXlK%2BsdQCTknz9sghDuNU2yoq2ow2dtevKAxGUrLrwWmaDZ0QFGBexd1JFSDAF6gBqFs%2Baph2IOJ7DYZmX2v4oM4a1HYpGEUPQmLx8%2BMD4wKqzT93mLdodTJd%2F4b%2Fkl3KttX8Ha3aS6RkFW2T6MRHUt2HUkz0gdX6cy3PxKpiYXmCgKGTrj9r9OUDaEQhd26UTTTszh%2ByAGmQTdgpiTqJ9HwNi0X9qIwnfJsNFMnbKw%2FAQViPTaeXCJxkwRrwGXrR4jMuf4zXJ%2FcfR%2FSLX41S2A1aLtQ%3D%3D
[debug] [2022-12-26T20:37:56.823Z] >>> [apiv2][body] PUT https://storage.googleapis.com/uploads-927618176355.us-central1.cloudfunctions.appspot.com/adaf1185-524b-48c7-9649-f4a24398c3b0.zip [stream]
[debug] [2022-12-26T20:37:57.435Z] <<< [apiv2][status] PUT https://storage.googleapis.com/uploads-927618176355.us-central1.cloudfunctions.appspot.com/adaf1185-524b-48c7-9649-f4a24398c3b0.zip 200
[debug] [2022-12-26T20:37:57.435Z] <<< [apiv2][body] PUT https://storage.googleapis.com/uploads-927618176355.us-central1.cloudfunctions.appspot.com/adaf1185-524b-48c7-9649-f4a24398c3b0.zip [omitted]
[info] ✔  functions: functions folder uploaded successfully 
[info] i  functions: updating Node.js 16 function scheduledFunction(us-central1)... 
[debug] [2022-12-26T20:37:57.440Z] >>> [apiv2][query] PATCH https://cloudfunctions.googleapis.com/v1/projects/tcg-stock-app/locations/us-central1/functions/scheduledFunction updateMask=name%2CsourceUploadUrl%2CentryPoint%2Cruntime%2CdockerRegistry%2Clabels%2CeventTrigger.eventType%2CeventTrigger.resource%2CenvironmentVariables%2CavailableMemoryMb%2Ctimeout%2CsourceToken
[debug] [2022-12-26T20:37:57.440Z] >>> [apiv2][body] PATCH https://cloudfunctions.googleapis.com/v1/projects/tcg-stock-app/locations/us-central1/functions/scheduledFunction {"name":"projects/tcg-stock-app/locations/us-central1/functions/scheduledFunction","sourceUploadUrl":"https://storage.googleapis.com/uploads-927618176355.us-central1.cloudfunctions.appspot.com/adaf1185-524b-48c7-9649-f4a24398c3b0.zip?GoogleAccessId=service-202041862043@gcf-admin-robot.iam.gserviceaccount.com&Expires=1672088876&Signature=VG3s01JMZswfxhGLE46Wdm81%2BWQ%2FlhblHOFHf%2BXzQeTscTnLQAzVOdGpepzXlK%2BsdQCTknz9sghDuNU2yoq2ow2dtevKAxGUrLrwWmaDZ0QFGBexd1JFSDAF6gBqFs%2Baph2IOJ7DYZmX2v4oM4a1HYpGEUPQmLx8%2BMD4wKqzT93mLdodTJd%2F4b%2Fkl3KttX8Ha3aS6RkFW2T6MRHUt2HUkz0gdX6cy3PxKpiYXmCgKGTrj9r9OUDaEQhd26UTTTszh%2ByAGmQTdgpiTqJ9HwNi0X9qIwnfJsNFMnbKw%2FAQViPTaeXCJxkwRrwGXrR4jMuf4zXJ%2FcfR%2FSLX41S2A1aLtQ%3D%3D","entryPoint":"scheduledFunction","runtime":"nodejs16","dockerRegistry":"ARTIFACT_REGISTRY","labels":{"deployment-tool":"cli-firebase","deployment-scheduled":"true","firebase-functions-hash":"fa04452fe22412e5b820af8125893f4c64726c2e"},"eventTrigger":{"eventType":"google.pubsub.topic.publish","resource":"projects/tcg-stock-app/topics/firebase-schedule-scheduledFunction-us-central1"},"environmentVariables":{"FIREBASE_CONFIG":"{\"projectId\":\"tcg-stock-app\",\"storageBucket\":\"tcg-stock-app.appspot.com\"}","GCLOUD_PROJECT":"tcg-stock-app","EVENTARC_CLOUD_EVENT_SOURCE":"projects/tcg-stock-app/locations/us-central1/functions/scheduledFunction"},"availableMemoryMb":2048,"timeout":"540s"}
[debug] [2022-12-26T20:37:58.256Z] <<< [apiv2][status] PATCH https://cloudfunctions.googleapis.com/v1/projects/tcg-stock-app/locations/us-central1/functions/scheduledFunction 200
[debug] [2022-12-26T20:37:58.256Z] <<< [apiv2][body] PATCH https://cloudfunctions.googleapis.com/v1/projects/tcg-stock-app/locations/us-central1/functions/scheduledFunction {"name":"operations/dGNnLXN0b2NrLWFwcC91cy1jZW50cmFsMS9zY2hlZHVsZWRGdW5jdGlvbi9hOU90MV9jaV9Rcw","metadata":{"@type":"type.googleapis.com/google.cloud.functions.v1.OperationMetadataV1","target":"projects/tcg-stock-app/locations/us-central1/functions/scheduledFunction","type":"UPDATE_FUNCTION","request":{"@type":"type.googleapis.com/google.cloud.functions.v1.CloudFunction","name":"projects/tcg-stock-app/locations/us-central1/functions/scheduledFunction","eventTrigger":{"eventType":"google.pubsub.topic.publish","resource":"projects/tcg-stock-app/topics/firebase-schedule-scheduledFunction-us-central1","service":"pubsub.googleapis.com","failurePolicy":{}},"status":"ACTIVE","entryPoint":"scheduledFunction","timeout":"540s","availableMemoryMb":2048,"serviceAccountEmail":"tcg-stock-app@appspot.gserviceaccount.com","updateTime":"2022-12-26T20:01:09.078Z","versionId":"61","labels":{"deployment-tool":"cli-firebase","deployment-scheduled":"true","firebase-functions-hash":"fa04452fe22412e5b820af8125893f4c64726c2e"},"sourceUploadUrl":"https://storage.googleapis.com/uploads-927618176355.us-central1.cloudfunctions.appspot.com/adaf1185-524b-48c7-9649-f4a24398c3b0.zip?GoogleAccessId=service-202041862043@gcf-admin-robot.iam.gserviceaccount.com&Expires=1672088876&Signature=VG3s01JMZswfxhGLE46Wdm81%2BWQ%2FlhblHOFHf%2BXzQeTscTnLQAzVOdGpepzXlK%2BsdQCTknz9sghDuNU2yoq2ow2dtevKAxGUrLrwWmaDZ0QFGBexd1JFSDAF6gBqFs%2Baph2IOJ7DYZmX2v4oM4a1HYpGEUPQmLx8%2BMD4wKqzT93mLdodTJd%2F4b%2Fkl3KttX8Ha3aS6RkFW2T6MRHUt2HUkz0gdX6cy3PxKpiYXmCgKGTrj9r9OUDaEQhd26UTTTszh%2ByAGmQTdgpiTqJ9HwNi0X9qIwnfJsNFMnbKw%2FAQViPTaeXCJxkwRrwGXrR4jMuf4zXJ%2FcfR%2FSLX41S2A1aLtQ%3D%3D","environmentVariables":{"FIREBASE_CONFIG":"{\"projectId\":\"tcg-stock-app\",\"storageBucket\":\"tcg-stock-app.appspot.com\"}","GCLOUD_PROJECT":"tcg-stock-app","EVENTARC_CLOUD_EVENT_SOURCE":"projects/tcg-stock-app/locations/us-central1/functions/scheduledFunction"},"runtime":"nodejs16","maxInstances":3000,"ingressSettings":"ALLOW_ALL","buildId":"e254a9a0-c01d-4f75-bea5-4d982163d241","buildName":"projects/202041862043/locations/us-central1/builds/e254a9a0-c01d-4f75-bea5-4d982163d241","dockerRegistry":"ARTIFACT_REGISTRY"},"versionId":"62","updateTime":"2022-12-26T20:37:58Z"}}
[debug] [2022-12-26T20:37:58.257Z] >>> [apiv2][query] GET https://cloudfunctions.googleapis.com/v1/operations/dGNnLXN0b2NrLWFwcC91cy1jZW50cmFsMS9zY2hlZHVsZWRGdW5jdGlvbi9hOU90MV9jaV9Rcw [none]
[debug] [2022-12-26T20:37:58.665Z] <<< [apiv2][status] GET https://cloudfunctions.googleapis.com/v1/operations/dGNnLXN0b2NrLWFwcC91cy1jZW50cmFsMS9zY2hlZHVsZWRGdW5jdGlvbi9hOU90MV9jaV9Rcw 200
[debug] [2022-12-26T20:37:58.666Z] <<< [apiv2][body] GET https://cloudfunctions.googleapis.com/v1/operations/dGNnLXN0b2NrLWFwcC91cy1jZW50cmFsMS9zY2hlZHVsZWRGdW5jdGlvbi9hOU90MV9jaV9Rcw {"name":"operations/dGNnLXN0b2NrLWFwcC91cy1jZW50cmFsMS9zY2hlZHVsZWRGdW5jdGlvbi9hOU90MV9jaV9Rcw","metadata":{"@type":"type.googleapis.com/google.cloud.functions.v1.OperationMetadataV1","target":"projects/tcg-stock-app/locations/us-central1/functions/scheduledFunction","type":"UPDATE_FUNCTION","request":{"@type":"type.googleapis.com/google.cloud.functions.v1.CloudFunction","name":"projects/tcg-stock-app/locations/us-central1/functions/scheduledFunction","eventTrigger":{"eventType":"google.pubsub.topic.publish","resource":"projects/tcg-stock-app/topics/firebase-schedule-scheduledFunction-us-central1","service":"pubsub.googleapis.com","failurePolicy":{}},"status":"ACTIVE","entryPoint":"scheduledFunction","timeout":"540s","availableMemoryMb":2048,"serviceAccountEmail":"tcg-stock-app@appspot.gserviceaccount.com","updateTime":"2022-12-26T20:01:09.078Z","versionId":"61","labels":{"deployment-tool":"cli-firebase","deployment-scheduled":"true","firebase-functions-hash":"fa04452fe22412e5b820af8125893f4c64726c2e"},"sourceUploadUrl":"https://storage.googleapis.com/uploads-927618176355.us-central1.cloudfunctions.appspot.com/adaf1185-524b-48c7-9649-f4a24398c3b0.zip?GoogleAccessId=service-202041862043@gcf-admin-robot.iam.gserviceaccount.com&Expires=1672088876&Signature=VG3s01JMZswfxhGLE46Wdm81%2BWQ%2FlhblHOFHf%2BXzQeTscTnLQAzVOdGpepzXlK%2BsdQCTknz9sghDuNU2yoq2ow2dtevKAxGUrLrwWmaDZ0QFGBexd1JFSDAF6gBqFs%2Baph2IOJ7DYZmX2v4oM4a1HYpGEUPQmLx8%2BMD4wKqzT93mLdodTJd%2F4b%2Fkl3KttX8Ha3aS6RkFW2T6MRHUt2HUkz0gdX6cy3PxKpiYXmCgKGTrj9r9OUDaEQhd26UTTTszh%2ByAGmQTdgpiTqJ9HwNi0X9qIwnfJsNFMnbKw%2FAQViPTaeXCJxkwRrwGXrR4jMuf4zXJ%2FcfR%2FSLX41S2A1aLtQ%3D%3D","environmentVariables":{"FIREBASE_CONFIG":"{\"projectId\":\"tcg-stock-app\",\"storageBucket\":\"tcg-stock-app.appspot.com\"}","GCLOUD_PROJECT":"tcg-stock-app","EVENTARC_CLOUD_EVENT_SOURCE":"projects/tcg-stock-app/locations/us-central1/functions/scheduledFunction"},"runtime":"nodejs16","maxInstances":3000,"ingressSettings":"ALLOW_ALL","buildId":"e254a9a0-c01d-4f75-bea5-4d982163d241","buildName":"projects/202041862043/locations/us-central1/builds/e254a9a0-c01d-4f75-bea5-4d982163d241","dockerRegistry":"ARTIFACT_REGISTRY"},"versionId":"62","updateTime":"2022-12-26T20:37:58Z"}}
[debug] [2022-12-26T20:37:59.167Z] [update-default-us-central1-scheduledFunction] Retrying task index 0
[debug] [2022-12-26T20:37:59.168Z] >>> [apiv2][query] GET https://cloudfunctions.googleapis.com/v1/operations/dGNnLXN0b2NrLWFwcC91cy1jZW50cmFsMS9zY2hlZHVsZWRGdW5jdGlvbi9hOU90MV9jaV9Rcw [none]
[debug] [2022-12-26T20:37:59.492Z] <<< [apiv2][status] GET https://cloudfunctions.googleapis.com/v1/operations/dGNnLXN0b2NrLWFwcC91cy1jZW50cmFsMS9zY2hlZHVsZWRGdW5jdGlvbi9hOU90MV9jaV9Rcw 200
[debug] [2022-12-26T20:37:59.493Z] <<< [apiv2][body] GET https://cloudfunctions.googleapis.com/v1/operations/dGNnLXN0b2NrLWFwcC91cy1jZW50cmFsMS9zY2hlZHVsZWRGdW5jdGlvbi9hOU90MV9jaV9Rcw {"name":"operations/dGNnLXN0b2NrLWFwcC91cy1jZW50cmFsMS9zY2hlZHVsZWRGdW5jdGlvbi9hOU90MV9jaV9Rcw","metadata":{"@type":"type.googleapis.com/google.cloud.functions.v1.OperationMetadataV1","target":"projects/tcg-stock-app/locations/us-central1/functions/scheduledFunction","type":"UPDATE_FUNCTION","request":{"@type":"type.googleapis.com/google.cloud.functions.v1.CloudFunction","name":"projects/tcg-stock-app/locations/us-central1/functions/scheduledFunction","eventTrigger":{"eventType":"google.pubsub.topic.publish","resource":"projects/tcg-stock-app/topics/firebase-schedule-scheduledFunction-us-central1","service":"pubsub.googleapis.com","failurePolicy":{}},"status":"ACTIVE","entryPoint":"scheduledFunction","timeout":"540s","availableMemoryMb":2048,"serviceAccountEmail":"tcg-stock-app@appspot.gserviceaccount.com","updateTime":"2022-12-26T20:01:09.078Z","versionId":"61","labels":{"deployment-tool":"cli-firebase","deployment-scheduled":"true","firebase-functions-hash":"fa04452fe22412e5b820af8125893f4c64726c2e"},"sourceUploadUrl":"https://storage.googleapis.com/uploads-927618176355.us-central1.cloudfunctions.appspot.com/adaf1185-524b-48c7-9649-f4a24398c3b0.zip?GoogleAccessId=service-202041862043@gcf-admin-robot.iam.gserviceaccount.com&Expires=1672088876&Signature=VG3s01JMZswfxhGLE46Wdm81%2BWQ%2FlhblHOFHf%2BXzQeTscTnLQAzVOdGpepzXlK%2BsdQCTknz9sghDuNU2yoq2ow2dtevKAxGUrLrwWmaDZ0QFGBexd1JFSDAF6gBqFs%2Baph2IOJ7DYZmX2v4oM4a1HYpGEUPQmLx8%2BMD4wKqzT93mLdodTJd%2F4b%2Fkl3KttX8Ha3aS6RkFW2T6MRHUt2HUkz0gdX6cy3PxKpiYXmCgKGTrj9r9OUDaEQhd26UTTTszh%2ByAGmQTdgpiTqJ9HwNi0X9qIwnfJsNFMnbKw%2FAQViPTaeXCJxkwRrwGXrR4jMuf4zXJ%2FcfR%2FSLX41S2A1aLtQ%3D%3D","environmentVariables":{"FIREBASE_CONFIG":"{\"projectId\":\"tcg-stock-app\",\"storageBucket\":\"tcg-stock-app.appspot.com\"}","GCLOUD_PROJECT":"tcg-stock-app","EVENTARC_CLOUD_EVENT_SOURCE":"projects/tcg-stock-app/locations/us-central1/functions/scheduledFunction"},"runtime":"nodejs16","maxInstances":3000,"ingressSettings":"ALLOW_ALL","buildId":"e254a9a0-c01d-4f75-bea5-4d982163d241","buildName":"projects/202041862043/locations/us-central1/builds/e254a9a0-c01d-4f75-bea5-4d982163d241","dockerRegistry":"ARTIFACT_REGISTRY"},"versionId":"62","updateTime":"2022-12-26T20:37:58Z","buildId":"f5521a69-06d5-48de-96f4-adbf3da7dbe4","buildName":"projects/202041862043/locations/us-central1/builds/f5521a69-06d5-48de-96f4-adbf3da7dbe4"}}
[debug] [2022-12-26T20:38:00.494Z] [update-default-us-central1-scheduledFunction] Retrying task index 0
[debug] [2022-12-26T20:38:00.494Z] >>> [apiv2][query] GET https://cloudfunctions.googleapis.com/v1/operations/dGNnLXN0b2NrLWFwcC91cy1jZW50cmFsMS9zY2hlZHVsZWRGdW5jdGlvbi9hOU90MV9jaV9Rcw [none]
[debug] [2022-12-26T20:38:00.918Z] <<< [apiv2][status] GET https://cloudfunctions.googleapis.com/v1/operations/dGNnLXN0b2NrLWFwcC91cy1jZW50cmFsMS9zY2hlZHVsZWRGdW5jdGlvbi9hOU90MV9jaV9Rcw 200
[debug] [2022-12-26T20:38:00.918Z] <<< [apiv2][body] GET https://cloudfunctions.googleapis.com/v1/operations/dGNnLXN0b2NrLWFwcC91cy1jZW50cmFsMS9zY2hlZHVsZWRGdW5jdGlvbi9hOU90MV9jaV9Rcw {"name":"operations/dGNnLXN0b2NrLWFwcC91cy1jZW50cmFsMS9zY2hlZHVsZWRGdW5jdGlvbi9hOU90MV9jaV9Rcw","metadata":{"@type":"type.googleapis.com/google.cloud.functions.v1.OperationMetadataV1","target":"projects/tcg-stock-app/locations/us-central1/functions/scheduledFunction","type":"UPDATE_FUNCTION","request":{"@type":"type.googleapis.com/google.cloud.functions.v1.CloudFunction","name":"projects/tcg-stock-app/locations/us-central1/functions/scheduledFunction","eventTrigger":{"eventType":"google.pubsub.topic.publish","resource":"projects/tcg-stock-app/topics/firebase-schedule-scheduledFunction-us-central1","service":"pubsub.googleapis.com","failurePolicy":{}},"status":"ACTIVE","entryPoint":"scheduledFunction","timeout":"540s","availableMemoryMb":2048,"serviceAccountEmail":"tcg-stock-app@appspot.gserviceaccount.com","updateTime":"2022-12-26T20:01:09.078Z","versionId":"61","labels":{"deployment-tool":"cli-firebase","deployment-scheduled":"true","firebase-functions-hash":"fa04452fe22412e5b820af8125893f4c64726c2e"},"sourceUploadUrl":"https://storage.googleapis.com/uploads-927618176355.us-central1.cloudfunctions.appspot.com/adaf1185-524b-48c7-9649-f4a24398c3b0.zip?GoogleAccessId=service-202041862043@gcf-admin-robot.iam.gserviceaccount.com&Expires=1672088876&Signature=VG3s01JMZswfxhGLE46Wdm81%2BWQ%2FlhblHOFHf%2BXzQeTscTnLQAzVOdGpepzXlK%2BsdQCTknz9sghDuNU2yoq2ow2dtevKAxGUrLrwWmaDZ0QFGBexd1JFSDAF6gBqFs%2Baph2IOJ7DYZmX2v4oM4a1HYpGEUPQmLx8%2BMD4wKqzT93mLdodTJd%2F4b%2Fkl3KttX8Ha3aS6RkFW2T6MRHUt2HUkz0gdX6cy3PxKpiYXmCgKGTrj9r9OUDaEQhd26UTTTszh%2ByAGmQTdgpiTqJ9HwNi0X9qIwnfJsNFMnbKw%2FAQViPTaeXCJxkwRrwGXrR4jMuf4zXJ%2FcfR%2FSLX41S2A1aLtQ%3D%3D","environmentVariables":{"FIREBASE_CONFIG":"{\"projectId\":\"tcg-stock-app\",\"storageBucket\":\"tcg-stock-app.appspot.com\"}","GCLOUD_PROJECT":"tcg-stock-app","EVENTARC_CLOUD_EVENT_SOURCE":"projects/tcg-stock-app/locations/us-central1/functions/scheduledFunction"},"runtime":"nodejs16","maxInstances":3000,"ingressSettings":"ALLOW_ALL","buildId":"e254a9a0-c01d-4f75-bea5-4d982163d241","buildName":"projects/202041862043/locations/us-central1/builds/e254a9a0-c01d-4f75-bea5-4d982163d241","dockerRegistry":"ARTIFACT_REGISTRY"},"versionId":"62","updateTime":"2022-12-26T20:37:58Z","buildId":"f5521a69-06d5-48de-96f4-adbf3da7dbe4","buildName":"projects/202041862043/locations/us-central1/builds/f5521a69-06d5-48de-96f4-adbf3da7dbe4"}}
[debug] [2022-12-26T20:38:02.919Z] [update-default-us-central1-scheduledFunction] Retrying task index 0
[debug] [2022-12-26T20:38:02.919Z] >>> [apiv2][query] GET https://cloudfunctions.googleapis.com/v1/operations/dGNnLXN0b2NrLWFwcC91cy1jZW50cmFsMS9zY2hlZHVsZWRGdW5jdGlvbi9hOU90MV9jaV9Rcw [none]
[debug] [2022-12-26T20:38:03.275Z] <<< [apiv2][status] GET https://cloudfunctions.googleapis.com/v1/operations/dGNnLXN0b2NrLWFwcC91cy1jZW50cmFsMS9zY2hlZHVsZWRGdW5jdGlvbi9hOU90MV9jaV9Rcw 200
[debug] [2022-12-26T20:38:03.275Z] <<< [apiv2][body] GET https://cloudfunctions.googleapis.com/v1/operations/dGNnLXN0b2NrLWFwcC91cy1jZW50cmFsMS9zY2hlZHVsZWRGdW5jdGlvbi9hOU90MV9jaV9Rcw {"name":"operations/dGNnLXN0b2NrLWFwcC91cy1jZW50cmFsMS9zY2hlZHVsZWRGdW5jdGlvbi9hOU90MV9jaV9Rcw","metadata":{"@type":"type.googleapis.com/google.cloud.functions.v1.OperationMetadataV1","target":"projects/tcg-stock-app/locations/us-central1/functions/scheduledFunction","type":"UPDATE_FUNCTION","request":{"@type":"type.googleapis.com/google.cloud.functions.v1.CloudFunction","name":"projects/tcg-stock-app/locations/us-central1/functions/scheduledFunction","eventTrigger":{"eventType":"google.pubsub.topic.publish","resource":"projects/tcg-stock-app/topics/firebase-schedule-scheduledFunction-us-central1","service":"pubsub.googleapis.com","failurePolicy":{}},"status":"ACTIVE","entryPoint":"scheduledFunction","timeout":"540s","availableMemoryMb":2048,"serviceAccountEmail":"tcg-stock-app@appspot.gserviceaccount.com","updateTime":"2022-12-26T20:01:09.078Z","versionId":"61","labels":{"deployment-tool":"cli-firebase","deployment-scheduled":"true","firebase-functions-hash":"fa04452fe22412e5b820af8125893f4c64726c2e"},"sourceUploadUrl":"https://storage.googleapis.com/uploads-927618176355.us-central1.cloudfunctions.appspot.com/adaf1185-524b-48c7-9649-f4a24398c3b0.zip?GoogleAccessId=service-202041862043@gcf-admin-robot.iam.gserviceaccount.com&Expires=1672088876&Signature=VG3s01JMZswfxhGLE46Wdm81%2BWQ%2FlhblHOFHf%2BXzQeTscTnLQAzVOdGpepzXlK%2BsdQCTknz9sghDuNU2yoq2ow2dtevKAxGUrLrwWmaDZ0QFGBexd1JFSDAF6gBqFs%2Baph2IOJ7DYZmX2v4oM4a1HYpGEUPQmLx8%2BMD4wKqzT93mLdodTJd%2F4b%2Fkl3KttX8Ha3aS6RkFW2T6MRHUt2HUkz0gdX6cy3PxKpiYXmCgKGTrj9r9OUDaEQhd26UTTTszh%2ByAGmQTdgpiTqJ9HwNi0X9qIwnfJsNFMnbKw%2FAQViPTaeXCJxkwRrwGXrR4jMuf4zXJ%2FcfR%2FSLX41S2A1aLtQ%3D%3D","environmentVariables":{"FIREBASE_CONFIG":"{\"projectId\":\"tcg-stock-app\",\"storageBucket\":\"tcg-stock-app.appspot.com\"}","GCLOUD_PROJECT":"tcg-stock-app","EVENTARC_CLOUD_EVENT_SOURCE":"projects/tcg-stock-app/locations/us-central1/functions/scheduledFunction"},"runtime":"nodejs16","maxInstances":3000,"ingressSettings":"ALLOW_ALL","buildId":"e254a9a0-c01d-4f75-bea5-4d982163d241","buildName":"projects/202041862043/locations/us-central1/builds/e254a9a0-c01d-4f75-bea5-4d982163d241","dockerRegistry":"ARTIFACT_REGISTRY"},"versionId":"62","updateTime":"2022-12-26T20:37:58Z","buildId":"f5521a69-06d5-48de-96f4-adbf3da7dbe4","buildName":"projects/202041862043/locations/us-central1/builds/f5521a69-06d5-48de-96f4-adbf3da7dbe4"}}
[debug] [2022-12-26T20:38:07.279Z] [update-default-us-central1-scheduledFunction] Retrying task index 0
[debug] [2022-12-26T20:38:07.279Z] >>> [apiv2][query] GET https://cloudfunctions.googleapis.com/v1/operations/dGNnLXN0b2NrLWFwcC91cy1jZW50cmFsMS9zY2hlZHVsZWRGdW5jdGlvbi9hOU90MV9jaV9Rcw [none]
[debug] [2022-12-26T20:38:07.696Z] <<< [apiv2][status] GET https://cloudfunctions.googleapis.com/v1/operations/dGNnLXN0b2NrLWFwcC91cy1jZW50cmFsMS9zY2hlZHVsZWRGdW5jdGlvbi9hOU90MV9jaV9Rcw 200
[debug] [2022-12-26T20:38:07.696Z] <<< [apiv2][body] GET https://cloudfunctions.googleapis.com/v1/operations/dGNnLXN0b2NrLWFwcC91cy1jZW50cmFsMS9zY2hlZHVsZWRGdW5jdGlvbi9hOU90MV9jaV9Rcw {"name":"operations/dGNnLXN0b2NrLWFwcC91cy1jZW50cmFsMS9zY2hlZHVsZWRGdW5jdGlvbi9hOU90MV9jaV9Rcw","metadata":{"@type":"type.googleapis.com/google.cloud.functions.v1.OperationMetadataV1","target":"projects/tcg-stock-app/locations/us-central1/functions/scheduledFunction","type":"UPDATE_FUNCTION","request":{"@type":"type.googleapis.com/google.cloud.functions.v1.CloudFunction","name":"projects/tcg-stock-app/locations/us-central1/functions/scheduledFunction","eventTrigger":{"eventType":"google.pubsub.topic.publish","resource":"projects/tcg-stock-app/topics/firebase-schedule-scheduledFunction-us-central1","service":"pubsub.googleapis.com","failurePolicy":{}},"status":"ACTIVE","entryPoint":"scheduledFunction","timeout":"540s","availableMemoryMb":2048,"serviceAccountEmail":"tcg-stock-app@appspot.gserviceaccount.com","updateTime":"2022-12-26T20:01:09.078Z","versionId":"61","labels":{"deployment-tool":"cli-firebase","deployment-scheduled":"true","firebase-functions-hash":"fa04452fe22412e5b820af8125893f4c64726c2e"},"sourceUploadUrl":"https://storage.googleapis.com/uploads-927618176355.us-central1.cloudfunctions.appspot.com/adaf1185-524b-48c7-9649-f4a24398c3b0.zip?GoogleAccessId=service-202041862043@gcf-admin-robot.iam.gserviceaccount.com&Expires=1672088876&Signature=VG3s01JMZswfxhGLE46Wdm81%2BWQ%2FlhblHOFHf%2BXzQeTscTnLQAzVOdGpepzXlK%2BsdQCTknz9sghDuNU2yoq2ow2dtevKAxGUrLrwWmaDZ0QFGBexd1JFSDAF6gBqFs%2Baph2IOJ7DYZmX2v4oM4a1HYpGEUPQmLx8%2BMD4wKqzT93mLdodTJd%2F4b%2Fkl3KttX8Ha3aS6RkFW2T6MRHUt2HUkz0gdX6cy3PxKpiYXmCgKGTrj9r9OUDaEQhd26UTTTszh%2ByAGmQTdgpiTqJ9HwNi0X9qIwnfJsNFMnbKw%2FAQViPTaeXCJxkwRrwGXrR4jMuf4zXJ%2FcfR%2FSLX41S2A1aLtQ%3D%3D","environmentVariables":{"FIREBASE_CONFIG":"{\"projectId\":\"tcg-stock-app\",\"storageBucket\":\"tcg-stock-app.appspot.com\"}","GCLOUD_PROJECT":"tcg-stock-app","EVENTARC_CLOUD_EVENT_SOURCE":"projects/tcg-stock-app/locations/us-central1/functions/scheduledFunction"},"runtime":"nodejs16","maxInstances":3000,"ingressSettings":"ALLOW_ALL","buildId":"e254a9a0-c01d-4f75-bea5-4d982163d241","buildName":"projects/202041862043/locations/us-central1/builds/e254a9a0-c01d-4f75-bea5-4d982163d241","dockerRegistry":"ARTIFACT_REGISTRY"},"versionId":"62","updateTime":"2022-12-26T20:37:58Z","buildId":"f5521a69-06d5-48de-96f4-adbf3da7dbe4","buildName":"projects/202041862043/locations/us-central1/builds/f5521a69-06d5-48de-96f4-adbf3da7dbe4"}}
[debug] [2022-12-26T20:38:15.703Z] [update-default-us-central1-scheduledFunction] Retrying task index 0
[debug] [2022-12-26T20:38:15.704Z] >>> [apiv2][query] GET https://cloudfunctions.googleapis.com/v1/operations/dGNnLXN0b2NrLWFwcC91cy1jZW50cmFsMS9zY2hlZHVsZWRGdW5jdGlvbi9hOU90MV9jaV9Rcw [none]
[debug] [2022-12-26T20:38:16.027Z] <<< [apiv2][status] GET https://cloudfunctions.googleapis.com/v1/operations/dGNnLXN0b2NrLWFwcC91cy1jZW50cmFsMS9zY2hlZHVsZWRGdW5jdGlvbi9hOU90MV9jaV9Rcw 200
[debug] [2022-12-26T20:38:16.027Z] <<< [apiv2][body] GET https://cloudfunctions.googleapis.com/v1/operations/dGNnLXN0b2NrLWFwcC91cy1jZW50cmFsMS9zY2hlZHVsZWRGdW5jdGlvbi9hOU90MV9jaV9Rcw {"name":"operations/dGNnLXN0b2NrLWFwcC91cy1jZW50cmFsMS9zY2hlZHVsZWRGdW5jdGlvbi9hOU90MV9jaV9Rcw","metadata":{"@type":"type.googleapis.com/google.cloud.functions.v1.OperationMetadataV1","target":"projects/tcg-stock-app/locations/us-central1/functions/scheduledFunction","type":"UPDATE_FUNCTION","request":{"@type":"type.googleapis.com/google.cloud.functions.v1.CloudFunction","name":"projects/tcg-stock-app/locations/us-central1/functions/scheduledFunction","eventTrigger":{"eventType":"google.pubsub.topic.publish","resource":"projects/tcg-stock-app/topics/firebase-schedule-scheduledFunction-us-central1","service":"pubsub.googleapis.com","failurePolicy":{}},"status":"ACTIVE","entryPoint":"scheduledFunction","timeout":"540s","availableMemoryMb":2048,"serviceAccountEmail":"tcg-stock-app@appspot.gserviceaccount.com","updateTime":"2022-12-26T20:01:09.078Z","versionId":"61","labels":{"deployment-tool":"cli-firebase","deployment-scheduled":"true","firebase-functions-hash":"fa04452fe22412e5b820af8125893f4c64726c2e"},"sourceUploadUrl":"https://storage.googleapis.com/uploads-927618176355.us-central1.cloudfunctions.appspot.com/adaf1185-524b-48c7-9649-f4a24398c3b0.zip?GoogleAccessId=service-202041862043@gcf-admin-robot.iam.gserviceaccount.com&Expires=1672088876&Signature=VG3s01JMZswfxhGLE46Wdm81%2BWQ%2FlhblHOFHf%2BXzQeTscTnLQAzVOdGpepzXlK%2BsdQCTknz9sghDuNU2yoq2ow2dtevKAxGUrLrwWmaDZ0QFGBexd1JFSDAF6gBqFs%2Baph2IOJ7DYZmX2v4oM4a1HYpGEUPQmLx8%2BMD4wKqzT93mLdodTJd%2F4b%2Fkl3KttX8Ha3aS6RkFW2T6MRHUt2HUkz0gdX6cy3PxKpiYXmCgKGTrj9r9OUDaEQhd26UTTTszh%2ByAGmQTdgpiTqJ9HwNi0X9qIwnfJsNFMnbKw%2FAQViPTaeXCJxkwRrwGXrR4jMuf4zXJ%2FcfR%2FSLX41S2A1aLtQ%3D%3D","environmentVariables":{"FIREBASE_CONFIG":"{\"projectId\":\"tcg-stock-app\",\"storageBucket\":\"tcg-stock-app.appspot.com\"}","GCLOUD_PROJECT":"tcg-stock-app","EVENTARC_CLOUD_EVENT_SOURCE":"projects/tcg-stock-app/locations/us-central1/functions/scheduledFunction"},"runtime":"nodejs16","maxInstances":3000,"ingressSettings":"ALLOW_ALL","buildId":"e254a9a0-c01d-4f75-bea5-4d982163d241","buildName":"projects/202041862043/locations/us-central1/builds/e254a9a0-c01d-4f75-bea5-4d982163d241","dockerRegistry":"ARTIFACT_REGISTRY"},"versionId":"62","updateTime":"2022-12-26T20:37:58Z","buildId":"f5521a69-06d5-48de-96f4-adbf3da7dbe4","buildName":"projects/202041862043/locations/us-central1/builds/f5521a69-06d5-48de-96f4-adbf3da7dbe4"}}
[debug] [2022-12-26T20:38:26.029Z] [update-default-us-central1-scheduledFunction] Retrying task index 0
[debug] [2022-12-26T20:38:26.030Z] >>> [apiv2][query] GET https://cloudfunctions.googleapis.com/v1/operations/dGNnLXN0b2NrLWFwcC91cy1jZW50cmFsMS9zY2hlZHVsZWRGdW5jdGlvbi9hOU90MV9jaV9Rcw [none]
[debug] [2022-12-26T20:38:26.381Z] <<< [apiv2][status] GET https://cloudfunctions.googleapis.com/v1/operations/dGNnLXN0b2NrLWFwcC91cy1jZW50cmFsMS9zY2hlZHVsZWRGdW5jdGlvbi9hOU90MV9jaV9Rcw 200
[debug] [2022-12-26T20:38:26.382Z] <<< [apiv2][body] GET https://cloudfunctions.googleapis.com/v1/operations/dGNnLXN0b2NrLWFwcC91cy1jZW50cmFsMS9zY2hlZHVsZWRGdW5jdGlvbi9hOU90MV9jaV9Rcw {"name":"operations/dGNnLXN0b2NrLWFwcC91cy1jZW50cmFsMS9zY2hlZHVsZWRGdW5jdGlvbi9hOU90MV9jaV9Rcw","metadata":{"@type":"type.googleapis.com/google.cloud.functions.v1.OperationMetadataV1","target":"projects/tcg-stock-app/locations/us-central1/functions/scheduledFunction","type":"UPDATE_FUNCTION","request":{"@type":"type.googleapis.com/google.cloud.functions.v1.CloudFunction","name":"projects/tcg-stock-app/locations/us-central1/functions/scheduledFunction","eventTrigger":{"eventType":"google.pubsub.topic.publish","resource":"projects/tcg-stock-app/topics/firebase-schedule-scheduledFunction-us-central1","service":"pubsub.googleapis.com","failurePolicy":{}},"status":"ACTIVE","entryPoint":"scheduledFunction","timeout":"540s","availableMemoryMb":2048,"serviceAccountEmail":"tcg-stock-app@appspot.gserviceaccount.com","updateTime":"2022-12-26T20:01:09.078Z","versionId":"61","labels":{"deployment-tool":"cli-firebase","deployment-scheduled":"true","firebase-functions-hash":"fa04452fe22412e5b820af8125893f4c64726c2e"},"sourceUploadUrl":"https://storage.googleapis.com/uploads-927618176355.us-central1.cloudfunctions.appspot.com/adaf1185-524b-48c7-9649-f4a24398c3b0.zip?GoogleAccessId=service-202041862043@gcf-admin-robot.iam.gserviceaccount.com&Expires=1672088876&Signature=VG3s01JMZswfxhGLE46Wdm81%2BWQ%2FlhblHOFHf%2BXzQeTscTnLQAzVOdGpepzXlK%2BsdQCTknz9sghDuNU2yoq2ow2dtevKAxGUrLrwWmaDZ0QFGBexd1JFSDAF6gBqFs%2Baph2IOJ7DYZmX2v4oM4a1HYpGEUPQmLx8%2BMD4wKqzT93mLdodTJd%2F4b%2Fkl3KttX8Ha3aS6RkFW2T6MRHUt2HUkz0gdX6cy3PxKpiYXmCgKGTrj9r9OUDaEQhd26UTTTszh%2ByAGmQTdgpiTqJ9HwNi0X9qIwnfJsNFMnbKw%2FAQViPTaeXCJxkwRrwGXrR4jMuf4zXJ%2FcfR%2FSLX41S2A1aLtQ%3D%3D","environmentVariables":{"FIREBASE_CONFIG":"{\"projectId\":\"tcg-stock-app\",\"storageBucket\":\"tcg-stock-app.appspot.com\"}","GCLOUD_PROJECT":"tcg-stock-app","EVENTARC_CLOUD_EVENT_SOURCE":"projects/tcg-stock-app/locations/us-central1/functions/scheduledFunction"},"runtime":"nodejs16","maxInstances":3000,"ingressSettings":"ALLOW_ALL","buildId":"e254a9a0-c01d-4f75-bea5-4d982163d241","buildName":"projects/202041862043/locations/us-central1/builds/e254a9a0-c01d-4f75-bea5-4d982163d241","dockerRegistry":"ARTIFACT_REGISTRY"},"versionId":"62","updateTime":"2022-12-26T20:37:58Z","buildId":"f5521a69-06d5-48de-96f4-adbf3da7dbe4","buildName":"projects/202041862043/locations/us-central1/builds/f5521a69-06d5-48de-96f4-adbf3da7dbe4"}}
[debug] [2022-12-26T20:38:36.391Z] [update-default-us-central1-scheduledFunction] Retrying task index 0
[debug] [2022-12-26T20:38:36.393Z] >>> [apiv2][query] GET https://cloudfunctions.googleapis.com/v1/operations/dGNnLXN0b2NrLWFwcC91cy1jZW50cmFsMS9zY2hlZHVsZWRGdW5jdGlvbi9hOU90MV9jaV9Rcw [none]
[debug] [2022-12-26T20:38:36.770Z] <<< [apiv2][status] GET https://cloudfunctions.googleapis.com/v1/operations/dGNnLXN0b2NrLWFwcC91cy1jZW50cmFsMS9zY2hlZHVsZWRGdW5jdGlvbi9hOU90MV9jaV9Rcw 200
[debug] [2022-12-26T20:38:36.770Z] <<< [apiv2][body] GET https://cloudfunctions.googleapis.com/v1/operations/dGNnLXN0b2NrLWFwcC91cy1jZW50cmFsMS9zY2hlZHVsZWRGdW5jdGlvbi9hOU90MV9jaV9Rcw {"name":"operations/dGNnLXN0b2NrLWFwcC91cy1jZW50cmFsMS9zY2hlZHVsZWRGdW5jdGlvbi9hOU90MV9jaV9Rcw","metadata":{"@type":"type.googleapis.com/google.cloud.functions.v1.OperationMetadataV1","target":"projects/tcg-stock-app/locations/us-central1/functions/scheduledFunction","type":"UPDATE_FUNCTION","request":{"@type":"type.googleapis.com/google.cloud.functions.v1.CloudFunction","name":"projects/tcg-stock-app/locations/us-central1/functions/scheduledFunction","eventTrigger":{"eventType":"google.pubsub.topic.publish","resource":"projects/tcg-stock-app/topics/firebase-schedule-scheduledFunction-us-central1","service":"pubsub.googleapis.com","failurePolicy":{}},"status":"ACTIVE","entryPoint":"scheduledFunction","timeout":"540s","availableMemoryMb":2048,"serviceAccountEmail":"tcg-stock-app@appspot.gserviceaccount.com","updateTime":"2022-12-26T20:01:09.078Z","versionId":"61","labels":{"deployment-tool":"cli-firebase","deployment-scheduled":"true","firebase-functions-hash":"fa04452fe22412e5b820af8125893f4c64726c2e"},"sourceUploadUrl":"https://storage.googleapis.com/uploads-927618176355.us-central1.cloudfunctions.appspot.com/adaf1185-524b-48c7-9649-f4a24398c3b0.zip?GoogleAccessId=service-202041862043@gcf-admin-robot.iam.gserviceaccount.com&Expires=1672088876&Signature=VG3s01JMZswfxhGLE46Wdm81%2BWQ%2FlhblHOFHf%2BXzQeTscTnLQAzVOdGpepzXlK%2BsdQCTknz9sghDuNU2yoq2ow2dtevKAxGUrLrwWmaDZ0QFGBexd1JFSDAF6gBqFs%2Baph2IOJ7DYZmX2v4oM4a1HYpGEUPQmLx8%2BMD4wKqzT93mLdodTJd%2F4b%2Fkl3KttX8Ha3aS6RkFW2T6MRHUt2HUkz0gdX6cy3PxKpiYXmCgKGTrj9r9OUDaEQhd26UTTTszh%2ByAGmQTdgpiTqJ9HwNi0X9qIwnfJsNFMnbKw%2FAQViPTaeXCJxkwRrwGXrR4jMuf4zXJ%2FcfR%2FSLX41S2A1aLtQ%3D%3D","environmentVariables":{"FIREBASE_CONFIG":"{\"projectId\":\"tcg-stock-app\",\"storageBucket\":\"tcg-stock-app.appspot.com\"}","GCLOUD_PROJECT":"tcg-stock-app","EVENTARC_CLOUD_EVENT_SOURCE":"projects/tcg-stock-app/locations/us-central1/functions/scheduledFunction"},"runtime":"nodejs16","maxInstances":3000,"ingressSettings":"ALLOW_ALL","buildId":"e254a9a0-c01d-4f75-bea5-4d982163d241","buildName":"projects/202041862043/locations/us-central1/builds/e254a9a0-c01d-4f75-bea5-4d982163d241","dockerRegistry":"ARTIFACT_REGISTRY"},"versionId":"62","updateTime":"2022-12-26T20:37:58Z","buildId":"f5521a69-06d5-48de-96f4-adbf3da7dbe4","buildName":"projects/202041862043/locations/us-central1/builds/f5521a69-06d5-48de-96f4-adbf3da7dbe4"}}
